SF:lib\services\optimization_service.dart
DA:12,0
DA:14,0
DA:22,0
DA:23,0
DA:25,0
DA:27,0
DA:31,0
DA:35,0
DA:40,0
DA:41,0
DA:43,0
DA:44,0
DA:45,0
DA:47,0
DA:52,0
DA:55,0
DA:56,0
DA:57,0
DA:61,0
DA:62,0
DA:63,0
DA:64,0
DA:65,0
DA:68,0
DA:69,0
DA:70,0
DA:71,0
DA:72,0
DA:73,0
DA:75,0
DA:76,0
DA:79,0
DA:90,0
DA:91,0
DA:94,0
DA:96,0
DA:100,0
LF:37
LH:0
end_of_record
SF:lib\blocs\map\map_event.dart
DA:4,0
DA:6,0
DA:7,0
DA:16,0
DA:18,0
DA:19,0
DA:32,0
DA:34,0
DA:35,0
DA:46,0
DA:48,0
DA:49,0
DA:56,0
DA:58,0
DA:59,0
DA:66,0
DA:68,0
DA:69,0
LF:18
LH:0
end_of_record
SF:lib\blocs\map\map_state.dart
DA:23,2
DA:34,0
DA:42,0
DA:43,0
DA:44,0
DA:45,0
DA:46,0
DA:47,0
DA:48,0
DA:51,0
DA:52,0
DA:53,0
DA:54,0
DA:55,0
DA:56,0
DA:57,0
DA:58,0
LF:17
LH:1
end_of_record
SF:lib\blocs\map\map_bloc.dart
DA:23,0
DA:24,0
DA:25,0
DA:26,0
DA:27,0
DA:28,0
DA:29,0
DA:30,0
DA:31,0
DA:32,0
DA:33,0
DA:34,0
DA:36,0
DA:38,0
DA:39,0
DA:40,0
DA:41,0
DA:44,0
DA:45,0
DA:47,0
DA:51,0
DA:52,0
DA:53,0
DA:54,0
DA:57,0
DA:58,0
DA:59,0
DA:62,0
DA:63,0
DA:64,0
DA:67,0
DA:68,0
DA:69,0
DA:70,0
DA:71,0
DA:74,0
DA:75,0
DA:76,0
DA:78,0
DA:84,0
DA:85,0
DA:86,0
DA:89,0
DA:90,0
DA:91,0
DA:95,0
DA:100,0
DA:101,0
DA:102,0
DA:103,0
DA:104,0
DA:105,0
DA:107,0
DA:108,0
DA:109,0
DA:111,0
DA:112,0
DA:113,0
DA:114,0
DA:118,0
DA:122,0
DA:123,0
DA:124,0
DA:125,0
DA:126,0
DA:129,0
DA:130,0
DA:131,0
DA:133,0
DA:134,0
DA:145,0
DA:146,0
DA:147,0
DA:148,0
DA:149,0
DA:152,0
DA:153,0
DA:154,0
DA:155,0
DA:156,0
DA:157,0
DA:159,0
DA:160,0
DA:161,0
DA:163,0
DA:164,0
DA:165,0
DA:170,0
DA:171,0
DA:177,0
DA:178,0
DA:179,0
DA:180,0
DA:181,0
DA:188,0
DA:190,0
DA:191,0
DA:192,0
LF:98
LH:0
end_of_record
SF:lib\services\gemini_service.dart
DA:9,0
DA:17,0
DA:18,0
DA:20,0
DA:22,0
DA:24,0
DA:28,0
DA:31,0
DA:37,0
DA:39,0
DA:41,0
DA:42,0
DA:43,0
DA:44,0
DA:46,0
DA:50,0
DA:56,0
DA:57,0
DA:64,0
DA:65,0
DA:67,0
DA:70,0
DA:72,0
DA:73,0
DA:74,0
DA:80,0
DA:82,0
DA:83,0
DA:88,0
DA:90,0
DA:91,0
DA:93,0
DA:95,0
DA:96,0
DA:99,0
DA:103,0
DA:104,0
DA:106,0
DA:107,0
DA:110,0
DA:112,0
LF:41
LH:0
end_of_record
SF:lib\services\places_service.dart
DA:10,0
DA:13,0
DA:19,0
DA:20,0
DA:25,0
DA:28,0
DA:29,0
DA:30,0
DA:34,0
DA:35,0
DA:36,0
DA:38,0
DA:40,0
DA:43,0
DA:44,0
DA:45,0
DA:47,0
DA:48,0
DA:50,0
DA:51,0
DA:52,0
DA:56,0
LF:22
LH:0
end_of_record
SF:lib\blocs\gps\gps_state.dart
DA:8,0
DA:9,0
DA:10,0
DA:12,2
DA:17,0
DA:22,0
DA:25,0
DA:27,0
DA:30,0
DA:31,0
DA:33,0
DA:35,0
LF:12
LH:1
end_of_record
SF:lib\blocs\gps\gps_event.dart
DA:4,0
DA:6,0
DA:7,0
DA:14,0
LF:4
LH:0
end_of_record
SF:lib\blocs\gps\gps_bloc.dart
DA:15,0
DA:16,0
DA:19,0
DA:20,0
DA:21,0
DA:22,0
DA:23,0
DA:25,0
DA:29,0
DA:32,0
DA:34,0
DA:37,0
DA:39,0
DA:40,0
DA:43,0
DA:44,0
DA:46,0
DA:48,0
DA:54,0
DA:56,0
DA:57,0
DA:60,0
DA:67,0
DA:69,0
DA:70,0
DA:73,0
DA:75,0
DA:76,0
DA:77,0
DA:79,0
DA:84,0
DA:91,0
DA:94,0
DA:95,0
DA:98,0
DA:99,0
DA:100,0
DA:101,0
DA:103,0
DA:104,0
DA:105,0
DA:106,0
DA:107,0
DA:108,0
DA:109,0
DA:115,0
DA:120,0
DA:122,0
DA:123,0
DA:124,0
LF:50
LH:0
end_of_record
SF:lib\blocs\location\location_bloc.dart
DA:16,0
DA:17,0
DA:18,0
DA:19,0
DA:20,0
DA:21,0
DA:22,0
DA:23,0
DA:24,0
DA:29,0
DA:30,0
DA:31,0
DA:34,0
DA:35,0
DA:36,0
DA:41,0
DA:43,0
DA:44,0
DA:45,0
DA:47,0
DA:54,0
DA:55,0
DA:56,0
DA:58,0
DA:59,0
DA:60,0
DA:64,0
DA:65,0
DA:66,0
DA:67,0
DA:70,0
DA:72,0
DA:73,0
DA:74,0
LF:34
LH:0
end_of_record
SF:lib\blocs\location\location_event.dart
DA:4,0
DA:6,0
DA:7,0
DA:12,0
LF:4
LH:0
end_of_record
SF:lib\blocs\location\location_state.dart
DA:8,2
DA:12,0
DA:17,0
DA:18,0
DA:19,0
DA:20,0
DA:22,0
DA:24,0
LF:8
LH:1
end_of_record
SF:lib\blocs\my_bloc_observer.dart
DA:7,0
DA:9,0
DA:10,0
DA:13,0
DA:15,0
DA:16,0
DA:19,0
DA:21,0
DA:22,0
DA:25,0
DA:27,0
DA:28,0
DA:31,0
DA:33,0
DA:35,0
DA:38,0
DA:40,0
DA:41,0
LF:18
LH:0
end_of_record
SF:lib\blocs\tour\tour_event.dart
DA:4,2
DA:6,0
DA:7,0
DA:18,1
DA:25,0
DA:27,0
DA:34,0
DA:36,0
DA:37,0
DA:44,0
DA:46,0
DA:47,0
DA:52,1
DA:54,0
DA:55,0
DA:60,2
DA:62,0
DA:63,0
LF:18
LH:4
end_of_record
SF:lib\blocs\tour\tour_state.dart
DA:9,3
DA:16,0
DA:22,0
DA:23,0
DA:24,0
DA:25,0
DA:26,0
DA:30,0
DA:31,0
LF:9
LH:1
end_of_record
SF:lib\blocs\tour\tour_bloc.dart
DA:22,1
DA:23,1
DA:25,2
DA:26,2
DA:27,2
DA:28,2
DA:30,1
DA:31,0
DA:33,0
DA:37,0
DA:38,0
DA:39,0
DA:40,0
DA:44,0
DA:45,0
DA:46,0
DA:47,0
DA:48,0
DA:49,0
DA:50,0
DA:52,0
DA:53,0
DA:55,0
DA:58,0
DA:59,0
DA:60,0
DA:63,0
DA:65,0
DA:66,0
DA:67,0
DA:69,0
DA:70,0
DA:71,0
DA:72,0
DA:73,0
DA:74,0
DA:75,0
DA:76,0
DA:77,0
DA:78,0
DA:79,0
DA:81,0
DA:84,0
DA:89,0
DA:91,0
DA:92,0
DA:93,0
DA:97,0
DA:98,0
DA:100,0
DA:101,0
DA:103,0
DA:108,0
DA:110,0
DA:112,0
DA:116,0
DA:117,0
DA:118,0
DA:121,0
DA:122,0
DA:123,0
DA:125,0
DA:128,0
DA:129,0
DA:133,0
DA:135,0
DA:136,0
DA:140,0
DA:143,0
DA:144,0
DA:147,0
DA:148,0
DA:150,0
DA:154,0
DA:157,0
DA:159,0
DA:164,0
DA:168,0
DA:169,0
DA:172,0
DA:174,0
DA:175,0
DA:176,0
DA:180,0
DA:183,0
DA:185,0
DA:189,0
LF:87
LH:7
end_of_record
SF:lib\logger\logger.dart
DA:5,3
DA:6,1
LF:2
LH:2
end_of_record
SF:lib\helpers\custom_image_marker.dart
DA:8,0
DA:10,0
DA:11,0
DA:12,0
DA:16,0
DA:18,0
DA:21,0
DA:25,0
DA:26,0
DA:28,0
DA:34,0
DA:36,0
DA:37,0
DA:38,0
DA:40,0
DA:43,0
DA:44,0
DA:45,0
DA:46,0
DA:48,0
DA:51,0
DA:53,0
DA:54,0
DA:56,0
DA:57,0
DA:59,0
DA:61,0
DA:63,0
DA:67,0
DA:69,0
DA:70,0
DA:72,0
DA:73,0
DA:75,0
DA:76,0
DA:78,0
DA:79,0
DA:80,0
DA:82,0
DA:84,0
DA:85,0
DA:86,0
DA:88,0
DA:89,0
DA:90,0
DA:92,0
DA:93,0
LF:47
LH:0
end_of_record
SF:lib\delegates\search_destination_delegate.dart
DA:16,0
DA:17,0
DA:19,0
DA:20,0
DA:22,0
DA:23,0
DA:24,0
DA:30,0
DA:32,0
DA:34,0
DA:35,0
DA:36,0
DA:41,0
DA:44,0
DA:47,0
DA:48,0
DA:52,0
DA:54,0
DA:55,0
DA:58,0
DA:59,0
DA:60,0
DA:61,0
DA:65,0
DA:67,0
DA:68,0
DA:69,0
DA:70,0
DA:73,0
DA:79,0
DA:80,0
DA:81,0
DA:82,0
DA:83,0
DA:84,0
DA:85,0
DA:86,0
DA:87,0
DA:88,0
DA:89,0
DA:90,0
DA:91,0
DA:92,0
DA:95,0
DA:96,0
DA:99,0
DA:100,0
DA:101,0
DA:102,0
DA:105,0
DA:106,0
DA:114,0
DA:116,0
LF:53
LH:0
end_of_record
SF:lib\models\point_of_interest.dart
DA:13,0
LF:1
LH:0
end_of_record
SF:lib\exceptions\app_exception.dart
DA:8,0
DA:9,0
DA:12,0
DA:14,0
DA:19,0
DA:20,0
DA:24,0
DA:25,0
DA:29,0
DA:30,0
DA:34,0
DA:35,0
LF:12
LH:0
end_of_record
SF:lib\exceptions\dio_exception.dart
DA:6,0
DA:8,0
DA:9,0
DA:11,0
DA:12,0
DA:13,0
DA:14,0
DA:15,0
DA:16,0
DA:17,0
DA:18,0
DA:19,0
DA:20,0
DA:21,0
DA:22,0
DA:23,0
DA:25,0
DA:29,0
DA:31,0
DA:34,0
DA:37,0
DA:38,0
DA:39,0
DA:40,0
DA:41,0
DA:42,0
DA:43,0
DA:44,0
DA:45,0
DA:46,0
DA:48,0
LF:31
LH:0
end_of_record
SF:lib\helpers\icon_helpers.dart
DA:4,3
DA:10,3
DA:11,1
DA:15,1
DA:19,1
DA:23,1
DA:27,1
DA:31,1
LF:8
LH:8
end_of_record
SF:lib\helpers\loading_message_helper.dart
DA:4,1
DA:5,1
DA:9,2
DA:10,1
DA:13,1
DA:15,2
DA:18,1
DA:20,1
DA:27,1
DA:28,1
DA:31,1
DA:34,2
DA:40,1
DA:42,2
LF:14
LH:14
end_of_record
SF:lib\models\eco_city_tour.dart
DA:13,0
DA:24,0
DA:26,0
DA:35,0
DA:36,0
DA:37,0
DA:38,0
DA:39,0
DA:40,0
DA:41,0
DA:42,0
LF:11
LH:0
end_of_record
SF:lib\ui\custom_snackbar.dart
DA:4,0
DA:10,0
DA:11,0
DA:13,0
DA:15,0
DA:17,0
DA:23,0
DA:24,0
DA:25,0
DA:26,0
LF:10
LH:0
end_of_record
SF:lib\widgets\btn_follow_user.dart
DA:7,1
DA:9,0
DA:11,0
DA:13,0
DA:16,0
DA:17,0
DA:20,0
DA:21,0
DA:22,0
DA:23,0
DA:25,0
DA:26,0
LF:12
LH:1
end_of_record
SF:lib\widgets\btn_location.dart
DA:7,1
DA:9,0
DA:11,0
DA:12,0
DA:14,0
DA:17,0
DA:18,0
DA:20,0
DA:23,0
DA:25,0
DA:29,0
DA:30,0
DA:34,0
LF:13
LH:1
end_of_record
SF:lib\widgets\btn_toggle_user_route.dart
DA:6,1
DA:8,0
DA:11,0
DA:13,0
DA:16,0
DA:17,0
DA:20,0
DA:21,0
DA:22,0
DA:23,0
DA:24,0
DA:29,0
DA:30,0
LF:13
LH:1
end_of_record
SF:lib\widgets\custom_app_bar.dart
DA:8,0
DA:15,0
DA:17,0
DA:19,0
DA:20,0
DA:21,0
DA:27,0
DA:28,0
DA:30,0
DA:32,0
DA:33,0
DA:34,0
DA:36,0
DA:40,0
LF:14
LH:0
end_of_record
SF:lib\widgets\custom_bottom_sheet.dart
DA:13,0
DA:15,0
DA:17,0
DA:19,0
DA:22,0
DA:24,0
DA:25,0
DA:35,0
DA:36,0
DA:37,0
DA:38,0
DA:39,0
DA:40,0
DA:43,0
DA:45,0
DA:46,0
DA:54,0
DA:57,0
DA:58,0
DA:59,0
DA:62,0
DA:63,0
DA:64,0
DA:73,0
DA:76,0
DA:77,0
DA:78,0
DA:79,0
DA:80,0
DA:81,0
DA:89,0
DA:90,0
DA:93,0
DA:94,0
DA:101,0
DA:107,0
DA:108,0
DA:115,0
DA:116,0
DA:117,0
DA:118,0
DA:121,0
DA:122,0
DA:123,0
DA:125,0
DA:126,0
DA:129,0
DA:146,0
DA:147,0
DA:148,0
DA:149,0
DA:151,0
DA:152,0
DA:153,0
DA:154,0
DA:157,0
DA:159,0
DA:163,0
DA:164,0
LF:59
LH:0
end_of_record
SF:lib\widgets\custom_search_bar.dart
DA:8,1
DA:10,0
DA:12,0
DA:13,0
DA:17,0
DA:18,0
DA:20,0
DA:22,0
DA:30,0
DA:32,0
DA:34,0
LF:11
LH:1
end_of_record
SF:lib\widgets\poi_list_item.dart
DA:11,0
DA:17,0
DA:18,0
DA:25,0
DA:27,0
DA:28,0
DA:32,0
DA:34,0
DA:35,0
DA:36,0
DA:37,0
DA:42,0
DA:43,0
DA:44,0
DA:47,0
DA:49,0
DA:50,0
DA:52,0
DA:53,0
DA:54,0
DA:55,0
DA:60,0
DA:62,0
DA:63,0
DA:66,0
DA:75,0
DA:77,0
DA:79,0
DA:80,0
DA:82,0
DA:86,0
DA:87,0
DA:93,0
DA:94,0
DA:95,0
DA:96,0
DA:97,0
DA:98,0
DA:99,0
DA:110,0
DA:111,0
DA:113,0
DA:114,0
DA:118,0
DA:120,0
DA:121,0
DA:122,0
DA:123,0
DA:126,0
DA:131,0
DA:132,0
DA:133,0
DA:138,0
DA:139,0
DA:142,0
DA:143,0
DA:144,0
DA:145,0
DA:146,0
DA:152,0
DA:156,0
DA:157,0
DA:158,0
DA:161,0
DA:164,0
DA:167,0
LF:66
LH:0
end_of_record
SF:lib\screens\gps_access_screen.dart
DA:7,1
DA:9,0
DA:11,0
DA:12,0
DA:13,0
DA:14,0
DA:26,1
DA:28,0
DA:30,0
DA:32,0
DA:33,0
DA:35,0
DA:37,0
DA:41,0
DA:42,0
DA:43,0
DA:47,0
DA:48,0
DA:49,0
DA:65,1
DA:67,0
DA:69,0
DA:71,0
DA:74,0
LF:24
LH:3
end_of_record
SF:lib\screens\loading_screen.dart
DA:8,0
DA:10,0
DA:12,0
DA:13,0
DA:14,0
DA:15,0
LF:6
LH:0
end_of_record
SF:lib\screens\map_screen.dart
DA:17,0
DA:22,0
DA:23,0
DA:30,0
DA:32,0
DA:33,0
DA:34,0
DA:37,0
DA:40,0
DA:41,0
DA:44,0
DA:46,0
DA:47,0
DA:49,0
DA:50,0
DA:53,0
DA:56,0
DA:58,0
DA:59,0
DA:63,0
DA:64,0
DA:66,0
DA:67,0
DA:68,0
DA:69,0
DA:70,0
DA:79,0
DA:81,0
DA:82,0
DA:83,0
DA:85,0
DA:86,0
DA:88,0
DA:89,0
DA:95,0
DA:96,0
DA:98,0
DA:100,0
DA:111,0
DA:113,0
DA:114,0
DA:116,0
DA:117,0
DA:123,0
DA:124,0
DA:125,0
DA:139,0
DA:140,0
DA:143,0
DA:144,0
DA:145,0
DA:148,0
DA:149,0
DA:150,0
DA:151,0
DA:152,0
DA:153,0
DA:165,0
DA:166,0
DA:167,0
DA:168,0
DA:186,0
DA:187,0
DA:188,0
DA:189,0
DA:193,0
DA:195,0
DA:196,0
DA:198,0
DA:199,0
DA:201,0
DA:202,0
DA:232,0
DA:233,0
DA:236,0
DA:237,0
DA:241,0
DA:242,0
DA:245,0
DA:246,0
DA:248,0
DA:254,0
DA:263,0
DA:266,0
DA:269,0
DA:272,0
DA:274,0
DA:275,0
DA:277,0
LF:89
LH:0
end_of_record
SF:lib\screens\tour_selection_screen.dart
DA:9,3
DA:11,1
DA:12,1
DA:35,1
DA:37,3
DA:39,1
DA:40,1
DA:42,1
DA:44,3
DA:51,1
DA:52,0
DA:54,0
DA:56,1
DA:57,1
DA:63,1
DA:65,1
DA:67,1
DA:69,3
DA:74,1
DA:75,0
DA:76,0
DA:77,0
DA:79,0
DA:80,0
DA:82,1
DA:84,1
DA:85,1
DA:88,3
DA:93,1
DA:95,3
DA:101,1
DA:103,1
DA:104,4
DA:105,1
DA:107,1
DA:108,1
DA:112,3
DA:113,0
DA:114,0
DA:115,0
DA:117,0
DA:118,0
DA:120,2
DA:122,3
DA:125,4
DA:131,1
DA:133,3
DA:136,1
DA:137,1
DA:138,1
DA:139,1
DA:140,0
DA:141,0
DA:142,0
DA:143,0
DA:145,0
DA:147,0
DA:148,0
DA:150,1
DA:151,1
DA:153,3
DA:155,1
DA:157,3
DA:165,1
DA:167,3
DA:171,1
DA:172,1
DA:176,4
DA:177,2
DA:178,2
DA:180,1
DA:181,1
DA:183,1
DA:184,1
DA:185,1
DA:190,1
DA:192,1
DA:201,1
DA:202,1
DA:203,1
DA:205,0
DA:206,1
DA:209,1
DA:211,0
DA:212,2
DA:215,1
DA:217,0
DA:218,0
DA:219,0
DA:222,0
DA:223,0
DA:226,1
DA:232,1
DA:234,3
DA:237,1
DA:238,1
DA:239,4
DA:240,1
DA:241,1
DA:242,1
DA:246,2
DA:247,1
DA:248,0
DA:249,0
DA:250,0
DA:252,0
DA:253,0
DA:255,2
DA:257,3
DA:260,4
DA:266,1
DA:267,4
DA:268,2
DA:271,1
DA:272,1
DA:274,1
DA:276,2
DA:277,1
DA:278,2
DA:283,1
DA:284,2
DA:285,3
DA:288,1
DA:289,0
DA:290,0
DA:291,0
DA:292,0
DA:293,0
DA:294,0
DA:295,0
DA:296,0
DA:299,0
DA:300,0
DA:301,0
DA:302,0
DA:303,0
DA:305,0
DA:306,0
DA:307,0
DA:311,0
DA:313,0
DA:314,0
DA:315,0
DA:319,0
DA:320,0
DA:321,0
DA:322,0
DA:323,0
DA:324,0
DA:349,1
DA:350,1
DA:351,1
DA:353,1
DA:354,0
DA:355,2
DA:357,1
DA:358,2
DA:359,0
DA:360,0
DA:362,0
LF:160
LH:99
end_of_record
SF:lib\screens\tour_summary.dart
DA:12,0
DA:14,0
DA:17,0
DA:18,0
DA:21,0
DA:22,0
DA:24,0
DA:25,0
DA:32,0
DA:34,0
DA:35,0
DA:37,0
DA:39,0
DA:40,0
DA:42,0
DA:43,0
DA:44,0
DA:46,0
DA:48,0
DA:50,0
DA:51,0
DA:52,0
DA:59,0
DA:62,0
DA:63,0
DA:68,0
DA:69,0
DA:73,0
DA:74,0
DA:75,0
DA:77,0
DA:84,0
DA:85,0
DA:87,0
DA:88,0
DA:89,0
DA:91,0
DA:93,0
DA:95,0
DA:106,0
DA:107,0
DA:108,0
DA:109,0
DA:110,0
DA:113,0
DA:115,0
DA:116,0
DA:125,0
DA:126,0
DA:127,0
DA:129,0
DA:130,0
DA:132,0
DA:136,0
DA:137,0
DA:138,0
DA:139,0
DA:141,0
LF:58
LH:0
end_of_record
SF:lib\themes\app_theme.dart
DA:8,0
DA:9,0
DA:15,0
DA:26,0
DA:27,0
DA:31,0
DA:32,0
DA:51,0
DA:52,0
DA:63,0
DA:64,0
LF:11
LH:0
end_of_record
SF:lib\views\map_view.dart
DA:15,0
DA:21,0
DA:24,0
DA:25,0
DA:27,0
DA:30,0
DA:32,0
DA:33,0
DA:34,0
DA:36,0
DA:38,0
DA:39,0
DA:49,0
DA:50,0
DA:51,0
DA:53,0
DA:54,0
DA:57,0
LF:18
LH:0
end_of_record
