SF:lib\blocs\gps\gps_state.dart
DA:8,1
DA:9,1
DA:10,1
DA:12,33
DA:17,1
DA:22,1
DA:25,0
DA:27,0
DA:30,1
DA:31,3
DA:33,1
DA:35,3
LF:12
LH:10
end_of_record
SF:lib\blocs\gps\gps_event.dart
DA:4,1
DA:6,0
DA:7,0
DA:14,1
LF:4
LH:2
end_of_record
SF:lib\blocs\gps\gps_bloc.dart
DA:15,1
DA:16,1
DA:19,2
DA:20,2
DA:21,3
DA:22,3
DA:23,1
DA:25,1
DA:29,1
DA:32,1
DA:34,2
DA:37,4
DA:39,2
DA:40,3
DA:43,2
DA:44,1
DA:46,1
DA:48,0
DA:54,1
DA:56,1
DA:57,0
DA:60,2
DA:67,1
DA:69,1
DA:70,0
DA:73,0
DA:75,0
DA:76,0
DA:77,0
DA:79,0
DA:84,2
DA:91,0
DA:94,0
DA:95,0
DA:98,0
DA:99,0
DA:100,0
DA:101,0
DA:103,0
DA:104,0
DA:105,0
DA:106,0
DA:107,0
DA:108,0
DA:109,0
DA:115,0
DA:120,1
DA:122,2
DA:123,1
DA:124,1
LF:50
LH:27
end_of_record
SF:lib\logger\logger.dart
DA:5,57
DA:6,19
LF:2
LH:2
end_of_record
SF:lib\blocs\location\location_bloc.dart
DA:16,2
DA:17,2
DA:18,2
DA:19,2
DA:20,3
DA:21,1
DA:22,1
DA:23,2
DA:24,1
DA:29,1
DA:30,0
DA:31,0
DA:34,2
DA:35,2
DA:36,3
DA:41,0
DA:43,0
DA:44,0
DA:45,0
DA:47,0
DA:54,0
DA:55,0
DA:56,0
DA:58,0
DA:59,0
DA:60,0
DA:64,0
DA:65,0
DA:66,0
DA:67,0
DA:70,1
DA:72,2
DA:73,1
DA:74,1
LF:34
LH:17
end_of_record
SF:lib\blocs\location\location_event.dart
DA:4,2
DA:6,0
DA:7,0
DA:12,1
LF:4
LH:2
end_of_record
SF:lib\blocs\location\location_state.dart
DA:8,33
DA:12,1
DA:17,1
DA:18,1
DA:19,1
DA:20,1
DA:22,1
DA:24,4
LF:8
LH:8
end_of_record
SF:lib\blocs\map\map_event.dart
DA:4,5
DA:6,3
DA:7,3
DA:16,2
DA:18,0
DA:19,0
DA:32,0
DA:34,0
DA:35,0
DA:46,0
DA:48,0
DA:49,0
DA:56,0
DA:58,0
DA:59,0
DA:66,0
DA:68,0
DA:69,0
LF:18
LH:4
end_of_record
SF:lib\blocs\map\map_state.dart
DA:23,33
DA:34,1
DA:42,1
DA:43,1
DA:44,1
DA:45,1
DA:46,1
DA:47,1
DA:48,1
DA:51,1
DA:52,1
DA:53,1
DA:54,1
DA:55,1
DA:56,1
DA:57,1
DA:58,1
LF:17
LH:17
end_of_record
SF:lib\blocs\map\map_bloc.dart
DA:23,2
DA:24,2
DA:25,2
DA:26,1
DA:27,0
DA:28,2
DA:29,1
DA:30,0
DA:31,1
DA:32,0
DA:33,2
DA:34,2
DA:36,2
DA:38,4
DA:39,0
DA:40,0
DA:41,0
DA:42,0
DA:45,0
DA:46,0
DA:52,1
DA:53,2
DA:54,2
DA:55,4
DA:58,1
DA:59,1
DA:60,2
DA:63,0
DA:64,0
DA:65,0
DA:68,1
DA:70,3
DA:71,2
DA:72,3
DA:73,4
DA:76,0
DA:78,0
DA:79,0
DA:81,0
DA:87,0
DA:88,0
DA:89,0
DA:92,0
DA:93,0
DA:94,0
DA:98,0
DA:103,0
DA:104,0
DA:105,0
DA:106,0
DA:107,0
DA:108,0
DA:110,0
DA:111,0
DA:112,0
DA:114,0
DA:115,0
DA:116,0
DA:117,0
DA:121,0
DA:125,0
DA:126,0
DA:127,0
DA:128,0
DA:131,0
DA:134,0
DA:135,0
DA:136,0
DA:137,0
DA:141,0
DA:142,0
DA:143,0
DA:145,0
DA:146,0
DA:157,0
DA:159,0
DA:160,0
DA:161,0
DA:162,0
DA:165,0
DA:167,0
DA:168,0
DA:169,0
DA:170,0
DA:171,0
DA:173,0
DA:174,0
DA:175,0
DA:177,0
DA:178,0
DA:179,0
DA:184,0
DA:185,0
DA:189,0
DA:190,0
DA:191,0
DA:192,0
DA:193,0
DA:197,1
DA:199,2
DA:200,2
DA:201,1
LF:102
LH:27
end_of_record
SF:lib\blocs\my_bloc_observer.dart
DA:7,0
DA:9,0
DA:10,0
DA:13,0
DA:15,0
DA:16,0
DA:19,0
DA:21,0
DA:22,0
DA:25,0
DA:27,0
DA:28,0
DA:31,0
DA:33,0
DA:35,0
DA:38,0
DA:40,0
DA:41,0
LF:18
LH:0
end_of_record
SF:lib\blocs\tour\tour_event.dart
DA:4,53
DA:6,0
DA:7,0
DA:19,3
DA:27,0
DA:29,0
DA:36,0
DA:38,0
DA:39,0
DA:47,2
DA:49,1
DA:50,2
DA:55,7
DA:57,0
DA:58,0
DA:63,30
DA:65,0
DA:66,0
DA:71,14
DA:73,0
DA:74,0
DA:82,3
DA:84,1
DA:85,2
LF:24
LH:11
end_of_record
SF:lib\blocs\tour\tour_state.dart
DA:10,65
DA:18,1
DA:25,1
DA:26,1
DA:27,1
DA:28,1
DA:29,1
DA:30,1
DA:34,0
DA:40,1
DA:41,6
LF:11
LH:10
end_of_record
SF:lib\blocs\tour\tour_bloc.dart
DA:25,1
DA:29,1
DA:31,2
DA:32,2
DA:33,2
DA:34,2
DA:36,2
DA:37,3
DA:39,3
DA:41,2
DA:42,2
DA:46,1
DA:47,2
DA:48,3
DA:49,3
DA:53,1
DA:54,1
DA:55,1
DA:56,1
DA:57,1
DA:58,1
DA:59,1
DA:60,0
DA:63,0
DA:64,0
DA:66,0
DA:69,0
DA:70,0
DA:71,0
DA:74,0
DA:76,0
DA:77,0
DA:78,0
DA:80,0
DA:81,0
DA:82,0
DA:83,0
DA:84,0
DA:85,0
DA:86,0
DA:87,0
DA:88,0
DA:89,0
DA:90,0
DA:92,0
DA:95,0
DA:100,0
DA:102,0
DA:103,0
DA:104,0
DA:108,0
DA:109,0
DA:112,0
DA:114,0
DA:115,0
DA:117,0
DA:122,1
DA:124,2
DA:126,5
DA:129,0
DA:130,0
DA:132,0
DA:138,0
DA:142,0
DA:143,0
DA:146,0
DA:149,0
DA:151,0
DA:152,0
DA:155,0
DA:160,0
DA:162,0
DA:164,0
DA:168,0
DA:172,0
DA:173,0
DA:176,0
DA:179,0
DA:181,0
DA:182,0
DA:185,0
DA:192,0
DA:196,0
DA:197,0
DA:200,0
DA:202,0
DA:203,0
DA:204,0
DA:208,0
DA:211,0
DA:213,0
DA:218,0
DA:223,0
DA:224,0
DA:225,0
DA:229,1
DA:231,3
DA:234,2
DA:235,0
DA:236,0
DA:238,3
DA:239,3
DA:244,1
DA:245,3
DA:249,3
DA:253,0
DA:254,0
DA:257,0
DA:259,0
DA:260,0
DA:263,3
DA:264,3
LF:112
LH:35
end_of_record
SF:lib\helpers\custom_image_marker.dart
DA:8,0
DA:11,0
DA:12,0
DA:13,0
DA:17,0
DA:19,0
DA:22,0
DA:26,0
DA:27,0
DA:29,0
DA:35,0
DA:37,0
DA:38,0
DA:39,0
DA:41,0
DA:44,0
DA:45,0
DA:46,0
DA:47,0
DA:49,0
DA:52,0
DA:54,0
DA:55,0
DA:57,0
DA:58,0
DA:60,0
DA:62,0
DA:64,0
DA:68,1
DA:71,2
DA:73,2
DA:74,2
DA:76,3
DA:78,1
DA:79,1
DA:81,3
DA:82,1
DA:84,1
DA:85,1
DA:86,1
DA:88,2
DA:90,2
DA:92,1
DA:93,3
DA:94,3
DA:96,2
DA:98,1
DA:99,3
DA:100,1
DA:103,0
DA:104,0
DA:107,2
DA:109,2
DA:111,2
DA:113,2
LF:55
LH:25
end_of_record
SF:lib\datasets\firestore_dataset.dart
DA:10,2
DA:13,0
DA:15,2
DA:17,2
DA:18,2
DA:19,2
DA:20,2
DA:21,2
DA:22,2
DA:23,2
DA:24,2
DA:25,10
DA:26,2
DA:27,2
DA:28,6
DA:29,2
DA:30,10
DA:31,2
DA:32,2
DA:33,2
DA:34,2
DA:35,2
DA:36,2
DA:38,2
DA:41,6
DA:42,8
DA:43,6
DA:45,0
DA:49,2
DA:51,2
DA:52,2
DA:53,4
DA:54,2
DA:55,10
DA:57,6
DA:58,2
DA:59,2
DA:61,0
DA:62,0
DA:66,2
DA:68,6
DA:69,8
DA:70,6
DA:72,0
DA:76,1
DA:77,4
LF:46
LH:41
end_of_record
SF:lib\delegates\search_destination_delegate.dart
DA:16,4
DA:18,2
DA:20,2
DA:21,2
DA:23,1
DA:24,2
DA:25,1
DA:31,2
DA:33,2
DA:35,1
DA:36,2
DA:37,1
DA:42,0
DA:43,0
DA:45,0
DA:46,0
DA:47,0
DA:48,0
DA:52,0
DA:54,0
DA:55,0
DA:56,0
DA:57,0
DA:60,0
DA:66,0
DA:67,0
DA:68,0
DA:69,0
DA:70,0
DA:71,0
DA:72,0
DA:73,0
DA:74,0
DA:76,0
DA:77,0
DA:78,0
DA:79,0
DA:80,0
DA:81,0
DA:82,0
DA:83,0
DA:84,0
DA:85,0
DA:86,0
DA:89,0
DA:92,0
DA:93,0
DA:96,0
DA:105,0
DA:108,0
DA:111,0
DA:112,0
DA:116,0
DA:119,2
DA:121,4
LF:55
LH:14
end_of_record
SF:lib\models\point_of_interest.dart
DA:13,10
DA:25,2
DA:26,2
DA:27,10
DA:28,2
DA:29,2
DA:30,2
DA:31,2
DA:32,2
DA:33,2
DA:34,2
DA:39,2
DA:40,2
DA:41,10
DA:42,2
DA:43,2
DA:44,2
DA:45,2
DA:46,2
DA:47,2
DA:48,2
LF:21
LH:21
end_of_record
SF:lib\exceptions\app_exception.dart
DA:8,1
DA:9,8
DA:12,1
DA:14,4
DA:19,1
DA:20,1
DA:24,0
DA:25,0
DA:29,0
DA:30,0
DA:34,0
DA:35,0
LF:12
LH:6
end_of_record
SF:lib\exceptions\dio_exception.dart
DA:6,1
DA:8,2
DA:9,3
DA:11,1
DA:12,1
DA:13,0
DA:14,1
DA:15,0
DA:16,1
DA:17,0
DA:18,1
DA:19,0
DA:20,1
DA:21,0
DA:22,1
DA:23,1
DA:25,0
DA:29,0
DA:31,0
DA:34,0
DA:37,0
DA:38,0
DA:39,0
DA:40,0
DA:41,0
DA:42,0
DA:43,0
DA:44,0
DA:45,0
DA:46,0
DA:48,0
LF:31
LH:11
end_of_record
SF:lib\models\eco_city_tour.dart
DA:15,8
DA:27,1
DA:28,1
DA:29,1
DA:30,5
DA:31,1
DA:32,1
DA:33,1
DA:34,1
DA:35,7
DA:36,1
DA:41,1
DA:42,1
DA:43,1
DA:44,5
DA:45,1
DA:46,2
DA:47,1
DA:48,1
DA:49,7
DA:50,1
DA:55,2
DA:56,2
DA:57,2
DA:58,2
DA:59,2
DA:60,2
DA:61,4
DA:62,4
DA:63,4
DA:64,2
DA:65,10
DA:66,2
DA:67,6
DA:68,2
DA:69,2
DA:70,6
DA:71,2
DA:72,2
DA:73,2
DA:74,2
DA:75,4
DA:76,2
DA:77,2
DA:79,2
DA:84,0
DA:86,0
DA:95,0
DA:96,0
DA:97,0
DA:98,0
DA:99,0
DA:100,0
DA:101,0
DA:102,0
LF:55
LH:45
end_of_record
SF:lib\repositories\eco_city_tour_repository.dart
DA:8,1
DA:10,1
DA:11,3
DA:12,2
DA:15,1
DA:16,2
DA:17,2
DA:20,1
DA:21,3
DA:22,2
DA:25,1
DA:27,2
DA:28,1
DA:29,1
DA:31,3
DA:34,0
LF:16
LH:15
end_of_record
SF:lib\services\gemini_service.dart
DA:9,2
DA:18,4
DA:19,6
DA:21,2
DA:23,0
DA:25,0
DA:30,2
DA:35,2
DA:43,2
DA:45,2
DA:47,2
DA:48,4
DA:49,2
DA:50,2
DA:52,2
DA:57,4
DA:64,2
DA:81,2
DA:85,2
DA:87,2
DA:90,2
DA:92,3
DA:94,0
DA:95,0
DA:99,1
DA:104,2
DA:107,2
DA:108,1
DA:109,5
DA:111,1
DA:113,1
DA:114,1
DA:116,1
DA:117,2
DA:118,2
DA:120,0
DA:122,0
LF:37
LH:31
end_of_record
SF:lib\services\optimization_service.dart
DA:13,1
DA:15,1
DA:22,3
DA:23,1
DA:25,2
DA:27,1
DA:31,4
DA:35,6
DA:40,2
DA:41,2
DA:43,3
DA:44,5
DA:45,5
DA:47,1
DA:52,4
DA:55,5
DA:56,2
DA:57,1
DA:61,3
DA:62,2
DA:63,1
DA:64,7
DA:65,1
DA:68,1
DA:69,5
DA:70,1
DA:71,1
DA:72,5
DA:73,1
DA:75,2
DA:76,1
DA:79,1
DA:90,1
DA:91,2
DA:94,1
DA:96,2
DA:100,1
LF:37
LH:37
end_of_record
SF:lib\services\places_service.dart
DA:10,3
DA:11,2
DA:12,9
DA:14,1
DA:17,2
DA:18,0
DA:23,3
DA:25,3
DA:26,1
DA:27,1
DA:31,2
DA:32,2
DA:33,3
DA:34,3
DA:36,4
DA:37,1
DA:38,1
DA:39,2
DA:40,1
DA:41,1
DA:42,1
DA:43,1
DA:44,1
DA:48,3
DA:53,1
DA:56,2
DA:57,0
DA:58,0
DA:62,3
DA:64,3
DA:65,1
DA:66,1
DA:70,7
DA:71,2
DA:73,2
DA:74,1
DA:75,1
DA:76,2
DA:77,1
DA:78,1
DA:79,1
DA:80,1
DA:81,1
DA:83,1
DA:86,3
DA:88,1
LF:46
LH:43
end_of_record
SF:lib\ui\custom_snackbar.dart
DA:4,0
DA:10,0
DA:11,0
DA:13,0
DA:15,0
DA:17,0
DA:23,1
DA:24,2
DA:25,1
DA:26,1
LF:10
LH:4
end_of_record
SF:lib\widgets\btn_follow_user.dart
DA:7,7
DA:9,2
DA:11,2
DA:13,2
DA:16,2
DA:17,4
DA:20,2
DA:21,2
DA:22,2
DA:23,4
DA:25,1
DA:26,2
LF:12
LH:12
end_of_record
SF:lib\widgets\btn_toggle_user_route.dart
DA:6,7
DA:8,2
DA:11,2
DA:13,2
DA:16,2
DA:17,4
DA:20,2
DA:21,2
DA:22,2
DA:23,2
DA:24,2
DA:29,1
DA:30,2
LF:13
LH:13
end_of_record
SF:lib\widgets\custom_app_bar.dart
DA:11,3
DA:17,3
DA:19,3
DA:21,3
DA:22,3
DA:23,9
DA:29,9
DA:30,9
DA:32,3
DA:34,1
DA:36,2
DA:37,2
DA:38,1
DA:43,1
DA:45,2
DA:48,1
DA:49,1
DA:50,0
DA:53,1
DA:54,3
DA:62,2
DA:64,2
DA:66,2
DA:68,1
DA:71,3
DA:72,6
DA:73,2
DA:75,1
DA:76,2
DA:77,1
DA:84,1
LF:31
LH:30
end_of_record
SF:lib\widgets\custom_bottom_sheet.dart
DA:13,1
DA:15,1
DA:17,1
DA:19,1
DA:22,1
DA:24,1
DA:25,2
DA:35,2
DA:36,1
DA:37,1
DA:38,1
DA:39,2
DA:40,1
DA:43,0
DA:45,0
DA:46,0
DA:54,1
DA:57,2
DA:58,1
DA:59,1
DA:62,1
DA:63,1
DA:64,2
DA:73,1
DA:76,6
DA:77,1
DA:78,1
DA:79,1
DA:80,2
DA:81,1
DA:89,1
DA:90,3
DA:93,2
DA:94,4
DA:101,3
DA:107,1
DA:108,2
DA:115,3
DA:116,1
DA:117,0
DA:118,0
DA:121,0
DA:122,0
DA:123,0
DA:125,0
DA:126,0
DA:129,0
DA:146,1
DA:147,1
DA:148,1
DA:149,1
DA:151,2
DA:152,3
DA:153,1
DA:154,3
DA:157,2
DA:159,1
DA:163,1
DA:164,1
LF:59
LH:48
end_of_record
SF:lib\widgets\custom_search_bar.dart
DA:8,7
DA:10,2
DA:12,2
DA:13,2
DA:17,2
DA:18,1
DA:20,1
DA:22,1
DA:29,2
DA:31,2
DA:33,2
LF:11
LH:11
end_of_record
SF:lib\widgets\number_of_sites_slider.dart
DA:8,1
DA:14,1
DA:16,1
DA:18,1
DA:20,1
DA:22,3
DA:25,1
DA:27,1
DA:28,4
DA:29,1
DA:30,1
DA:31,1
DA:35,3
DA:36,1
DA:37,2
DA:38,3
DA:41,4
LF:17
LH:17
end_of_record
SF:lib\widgets\poi_list_item.dart
DA:10,2
DA:16,2
DA:17,2
DA:24,2
DA:26,2
DA:27,4
DA:31,2
DA:33,6
DA:34,2
DA:35,4
DA:36,1
DA:41,12
DA:42,2
DA:43,6
DA:46,1
DA:48,0
DA:49,0
DA:51,0
DA:52,0
DA:53,0
DA:54,0
DA:59,1
DA:61,2
DA:62,4
DA:65,1
DA:74,2
DA:76,2
DA:78,2
DA:79,2
DA:81,2
DA:85,2
DA:86,2
DA:92,2
DA:93,2
DA:94,2
DA:95,2
DA:96,4
DA:97,1
DA:98,1
DA:109,2
DA:110,2
DA:112,2
DA:113,6
DA:117,2
DA:119,2
DA:120,6
DA:121,2
DA:122,2
DA:125,10
DA:130,8
DA:131,2
DA:132,6
DA:137,5
DA:138,4
DA:141,1
DA:142,2
DA:143,2
DA:144,2
DA:145,5
DA:151,2
DA:155,1
DA:156,2
DA:157,4
DA:159,3
DA:160,3
LF:65
LH:59
end_of_record
SF:lib\widgets\select_ai_assistant.dart
DA:6,1
DA:8,1
DA:9,1
DA:36,1
DA:38,1
DA:40,1
DA:41,1
DA:43,3
DA:46,1
DA:48,4
DA:49,2
DA:50,1
DA:51,0
DA:52,0
DA:53,0
DA:54,0
DA:56,0
DA:59,0
DA:61,1
DA:64,1
DA:65,1
DA:66,2
DA:67,0
DA:71,1
DA:72,1
DA:73,2
DA:82,1
DA:83,1
DA:84,0
DA:86,3
LF:30
LH:22
end_of_record
SF:lib\widgets\tag_wrap.dart
DA:9,2
DA:15,2
DA:17,2
DA:21,8
DA:22,4
DA:23,4
DA:25,2
DA:26,2
DA:28,2
DA:29,2
DA:30,2
DA:35,2
DA:37,2
DA:44,2
DA:45,2
DA:46,2
DA:47,2
DA:50,2
DA:52,0
DA:53,4
DA:55,2
DA:57,1
DA:58,2
DA:61,2
LF:24
LH:23
end_of_record
SF:lib\helpers\icon_helpers.dart
DA:4,12
DA:10,9
DA:11,3
DA:15,3
DA:19,3
DA:23,3
DA:27,3
DA:31,3
LF:8
LH:8
end_of_record
SF:lib\widgets\time_slider.dart
DA:9,2
DA:16,2
DA:18,2
DA:20,2
DA:22,2
DA:24,6
DA:27,2
DA:28,2
DA:29,8
DA:30,2
DA:31,2
DA:32,2
DA:36,8
DA:37,2
DA:38,4
DA:39,6
DA:42,8
LF:17
LH:17
end_of_record
SF:lib\widgets\transport_mode_selector.dart
DA:9,2
DA:15,2
DA:17,2
DA:19,2
DA:21,2
DA:23,6
DA:26,2
DA:27,2
DA:28,2
DA:29,2
DA:30,2
DA:31,2
DA:32,2
DA:34,6
DA:36,2
DA:38,6
LF:16
LH:16
end_of_record
SF:lib\helpers\loading_message_helper.dart
DA:4,1
DA:5,1
DA:9,2
DA:10,1
DA:13,1
DA:15,2
DA:18,1
DA:20,1
DA:27,1
DA:28,1
DA:31,1
DA:35,2
DA:38,1
DA:43,1
DA:45,2
DA:50,1
DA:52,2
LF:17
LH:17
end_of_record
SF:lib\helpers\time_functions.dart
DA:1,2
DA:2,2
DA:3,4
DA:5,2
DA:6,1
DA:8,1
DA:12,2
DA:13,2
DA:14,1
DA:15,2
DA:17,2
DA:21,2
DA:22,2
DA:23,2
DA:25,2
DA:26,2
DA:27,4
DA:29,2
DA:30,4
DA:31,0
DA:32,0
DA:34,0
LF:22
LH:19
end_of_record
SF:lib\screens\gps_access_screen.dart
DA:8,1
DA:10,1
DA:12,1
DA:13,1
DA:14,0
DA:15,0
DA:17,0
DA:21,1
DA:22,1
DA:23,1
DA:24,1
DA:38,7
DA:40,0
DA:42,0
DA:44,0
DA:45,0
DA:47,0
DA:49,0
DA:53,0
DA:54,0
DA:56,0
DA:60,0
DA:61,0
DA:62,0
DA:78,7
DA:80,1
DA:82,1
DA:84,4
DA:87,2
LF:29
LH:14
end_of_record
SF:lib\screens\loading_screen.dart
DA:8,1
DA:10,1
DA:12,1
DA:13,1
DA:14,1
DA:16,1
DA:19,1
LF:7
LH:7
end_of_record
SF:lib\screens\map_screen.dart
DA:16,2
DA:21,2
DA:22,2
DA:30,2
DA:32,2
DA:33,6
DA:34,4
DA:37,2
DA:39,4
DA:40,8
DA:43,2
DA:45,2
DA:46,2
DA:48,2
DA:49,2
DA:50,2
DA:57,2
DA:58,0
DA:60,0
DA:61,0
DA:62,0
DA:63,0
DA:64,0
DA:65,0
DA:66,0
DA:70,2
DA:71,2
DA:72,2
DA:73,2
DA:76,1
DA:77,1
DA:78,2
DA:79,1
DA:80,1
DA:83,1
DA:84,1
DA:85,1
DA:86,1
DA:87,2
DA:88,3
DA:90,1
DA:91,1
DA:92,1
DA:103,1
DA:104,1
DA:105,1
DA:106,1
DA:119,1
DA:120,1
DA:121,1
DA:122,1
DA:123,1
DA:127,1
DA:129,1
DA:130,2
DA:132,1
DA:133,1
DA:135,1
DA:161,2
DA:162,4
DA:164,4
DA:165,6
DA:166,8
DA:167,5
DA:168,2
DA:169,6
DA:170,1
DA:174,2
DA:175,2
DA:176,2
DA:178,2
DA:180,2
DA:181,2
DA:182,4
DA:184,2
DA:186,2
DA:189,4
DA:194,2
DA:196,2
DA:198,2
DA:208,0
DA:209,0
DA:212,0
DA:213,0
DA:215,0
DA:220,0
DA:229,0
DA:230,0
DA:231,0
DA:234,2
DA:236,4
DA:237,4
DA:239,2
LF:93
LH:76
end_of_record
SF:lib\screens\saved_tour_screen.dart
DA:10,2
DA:12,2
DA:14,2
DA:15,2
DA:17,4
DA:19,2
DA:21,0
DA:22,0
DA:26,2
DA:27,2
DA:28,2
DA:30,2
DA:31,2
DA:34,1
DA:35,1
DA:36,1
DA:37,1
DA:38,3
DA:40,1
DA:42,1
DA:43,1
DA:45,1
DA:47,1
DA:54,1
DA:56,1
DA:58,4
DA:59,5
DA:61,1
DA:62,3
DA:63,2
DA:65,0
DA:67,0
DA:68,0
DA:69,0
DA:76,1
DA:81,1
DA:82,3
DA:83,2
DA:85,1
DA:87,3
DA:89,1
DA:90,4
DA:91,2
DA:92,2
DA:94,2
DA:95,1
DA:96,2
DA:97,1
DA:98,1
DA:112,2
DA:113,2
DA:114,2
DA:116,2
DA:118,2
DA:119,2
DA:120,4
DA:122,2
DA:124,2
DA:127,4
DA:132,2
DA:134,2
DA:136,2
DA:141,2
DA:147,2
DA:149,4
DA:150,2
DA:151,2
DA:154,0
DA:155,0
DA:164,1
DA:166,0
DA:170,1
DA:171,3
DA:173,1
DA:175,1
DA:176,1
DA:179,1
DA:180,1
DA:181,0
DA:184,1
DA:185,2
DA:193,1
DA:195,3
DA:196,2
DA:197,3
DA:200,1
DA:202,0
DA:203,0
DA:204,0
LF:89
LH:76
end_of_record
SF:lib\screens\tour_selection_screen.dart
DA:13,1
DA:15,1
DA:16,1
DA:40,0
DA:41,0
DA:42,0
DA:46,1
DA:48,3
DA:50,1
DA:52,1
DA:53,1
DA:55,1
DA:57,3
DA:64,3
DA:66,1
DA:67,1
DA:70,1
DA:71,1
DA:73,1
DA:76,1
DA:78,1
DA:79,1
DA:85,1
DA:86,0
DA:88,0
DA:90,1
DA:91,1
DA:97,1
DA:99,1
DA:101,1
DA:103,3
DA:108,1
DA:109,0
DA:110,0
DA:111,0
DA:113,0
DA:114,0
DA:116,1
DA:118,1
DA:119,1
DA:122,3
DA:126,1
DA:127,1
DA:128,0
DA:129,0
DA:130,0
DA:132,0
DA:133,0
DA:138,1
DA:139,0
DA:140,0
DA:141,0
DA:143,0
DA:144,0
DA:149,1
DA:150,1
DA:151,0
DA:152,0
DA:153,0
DA:154,0
DA:156,0
DA:158,0
DA:159,0
DA:164,1
DA:166,3
DA:170,1
DA:171,1
DA:172,1
DA:173,1
DA:180,1
DA:181,1
DA:182,0
DA:183,0
DA:184,0
DA:186,0
DA:187,0
DA:194,1
DA:195,4
DA:196,2
DA:199,1
DA:200,1
DA:202,1
DA:203,2
DA:204,1
DA:205,2
DA:208,1
DA:214,1
DA:216,0
DA:218,1
DA:219,2
DA:220,3
DA:223,3
DA:224,1
DA:225,1
DA:226,2
DA:227,2
DA:228,4
DA:229,1
DA:230,1
DA:231,1
DA:237,1
DA:238,1
DA:239,1
DA:240,0
DA:243,0
DA:244,0
DA:245,0
DA:246,0
DA:247,0
DA:248,0
DA:251,0
DA:253,0
DA:254,0
DA:255,0
DA:258,0
DA:263,0
DA:265,0
DA:266,0
DA:267,0
DA:269,0
LF:120
LH:70
end_of_record
SF:lib\screens\tour_summary.dart
DA:9,1
DA:11,1
DA:13,3
DA:14,1
DA:16,1
DA:17,1
DA:18,1
DA:19,3
DA:20,1
DA:22,1
DA:27,1
DA:28,1
DA:35,2
DA:36,1
DA:37,1
DA:40,1
DA:41,1
DA:43,1
DA:45,1
DA:47,1
DA:48,0
DA:52,1
DA:53,1
DA:54,0
DA:61,0
DA:62,0
DA:63,0
DA:64,0
DA:65,0
DA:73,1
DA:74,1
DA:75,1
DA:77,1
DA:78,1
DA:80,1
DA:81,1
DA:82,1
DA:84,1
DA:86,1
DA:88,1
DA:89,1
DA:90,3
DA:97,1
DA:98,4
DA:102,1
DA:103,5
DA:107,1
DA:108,1
DA:112,1
DA:113,4
DA:115,2
DA:127,1
DA:128,1
DA:129,3
DA:130,1
DA:131,3
DA:132,1
DA:133,1
LF:58
LH:51
end_of_record
SF:lib\themes\app_theme.dart
DA:8,1
DA:9,1
DA:15,1
DA:26,1
DA:27,1
DA:31,1
DA:32,1
LF:7
LH:7
end_of_record
SF:lib\views\map_view.dart
DA:15,2
DA:21,2
DA:24,4
DA:25,4
DA:27,2
DA:30,4
DA:32,2
DA:33,2
DA:34,4
DA:36,2
DA:38,3
DA:39,2
DA:49,1
DA:50,2
DA:51,2
DA:53,2
DA:54,2
DA:56,3
LF:18
LH:18
end_of_record
